# JRE version: OpenJDK Runtime Environment (8.0_242-b01) (build 1.8.0_242-release-1644-b01)
# Java VM: OpenJDK 64-Bit Server VM (25.242-b01 mixed mode windows-amd64 compressed oops)
Heap:
 PSYoungGen      total 80384K, used 44798K [0x00000000d5580000, 0x00000000dbc80000, 0x0000000100000000)
  eden space 69632K, 56% used [0x00000000d5580000,0x00000000d7ba7a60,0x00000000d9980000)
  from space 10752K, 53% used [0x00000000d9980000,0x00000000d9f17f88,0x00000000da400000)
  to   space 10240K, 0% used [0x00000000db280000,0x00000000db280000,0x00000000dbc80000)
 ParOldGen       total 53248K, used 14812K [0x0000000080000000, 0x0000000083400000, 0x00000000d5580000)
  object space 53248K, 27% used [0x0000000080000000,0x0000000080e77110,0x0000000083400000)
 Metaspace       used 39817K, capacity 41528K, committed 41688K, reserved 1087488K
  class space    used 5490K, capacity 5838K, committed 5888K, reserved 1048576K
GC Heap History (10 events):
Event: 25.177 GC heap before
{Heap before GC invocations=11 (full 1):
 PSYoungGen      total 61440K, used 55296K [0x00000000d5580000, 0x00000000d9a80000, 0x0000000100000000)
  eden space 55296K, 100% used [0x00000000d5580000,0x00000000d8b80000,0x00000000d8b80000)
  from space 6144K, 0% used [0x00000000d8d80000,0x00000000d8d80000,0x00000000d9380000)
  to   space 7168K, 0% used [0x00000000d9380000,0x00000000d9380000,0x00000000d9a80000)
 ParOldGen       total 35840K, used 10934K [0x0000000080000000, 0x0000000082300000, 0x00000000d5580000)
  object space 35840K, 30% used [0x0000000080000000,0x0000000080aad840,0x0000000082300000)
 Metaspace       used 27568K, capacity 28402K, committed 28672K, reserved 1073152K
  class space    used 3801K, capacity 4063K, committed 4096K, reserved 1048576K
Event: 25.194 GC heap after
Heap after GC invocations=11 (full 1):
 PSYoungGen      total 61952K, used 7130K [0x00000000d5580000, 0x00000000dab80000, 0x0000000100000000)
  eden space 54784K, 0% used [0x00000000d5580000,0x00000000d5580000,0x00000000d8b00000)
  from space 7168K, 99% used [0x00000000d9380000,0x00000000d9a76b70,0x00000000d9a80000)
  to   space 8704K, 0% used [0x00000000d8b00000,0x00000000d8b00000,0x00000000d9380000)
 ParOldGen       total 35840K, used 10942K [0x0000000080000000, 0x0000000082300000, 0x00000000d5580000)
  object space 35840K, 30% used [0x0000000080000000,0x0000000080aaf840,0x0000000082300000)
 Metaspace       used 27568K, capacity 28402K, committed 28672K, reserved 1073152K
  class space    used 3801K, capacity 4063K, committed 4096K, reserved 1048576K
}
Event: 27.701 GC heap before
{Heap before GC invocations=12 (full 1):
 PSYoungGen      total 61952K, used 61914K [0x00000000d5580000, 0x00000000dab80000, 0x0000000100000000)
  eden space 54784K, 100% used [0x00000000d5580000,0x00000000d8b00000,0x00000000d8b00000)
  from space 7168K, 99% used [0x00000000d9380000,0x00000000d9a76b70,0x00000000d9a80000)
  to   space 8704K, 0% used [0x00000000d8b00000,0x00000000d8b00000,0x00000000d9380000)
 ParOldGen       total 35840K, used 10942K [0x0000000080000000, 0x0000000082300000, 0x00000000d5580000)
  object space 35840K, 30% used [0x0000000080000000,0x0000000080aaf840,0x0000000082300000)
 Metaspace       used 32261K, capacity 33180K, committed 33408K, reserved 1077248K
  class space    used 4410K, capacity 4675K, committed 4736K, reserved 1048576K
Event: 27.723 GC heap after
Heap after GC invocations=12 (full 1):
 PSYoungGen      total 63488K, used 8484K [0x00000000d5580000, 0x00000000dad80000, 0x0000000100000000)
  eden space 54784K, 0% used [0x00000000d5580000,0x00000000d5580000,0x00000000d8b00000)
  from space 8704K, 97% used [0x00000000d8b00000,0x00000000d9349238,0x00000000d9380000)
  to   space 9728K, 0% used [0x00000000da400000,0x00000000da400000,0x00000000dad80000)
 ParOldGen       total 35840K, used 10950K [0x0000000080000000, 0x0000000082300000, 0x00000000d5580000)
  object space 35840K, 30% used [0x0000000080000000,0x0000000080ab1840,0x0000000082300000)
 Metaspace       used 32261K, capacity 33180K, committed 33408K, reserved 1077248K
  class space    used 4410K, capacity 4675K, committed 4736K, reserved 1048576K
}
Event: 29.940 GC heap before
{Heap before GC invocations=13 (full 1):
 PSYoungGen      total 63488K, used 52889K [0x00000000d5580000, 0x00000000dad80000, 0x0000000100000000)
  eden space 54784K, 81% used [0x00000000d5580000,0x00000000d80dd3a8,0x00000000d8b00000)
  from space 8704K, 97% used [0x00000000d8b00000,0x00000000d9349238,0x00000000d9380000)
  to   space 9728K, 0% used [0x00000000da400000,0x00000000da400000,0x00000000dad80000)
 ParOldGen       total 35840K, used 10950K [0x0000000080000000, 0x0000000082300000, 0x00000000d5580000)
  object space 35840K, 30% used [0x0000000080000000,0x0000000080ab1840,0x0000000082300000)
 Metaspace       used 34237K, capacity 35380K, committed 35416K, reserved 1079296K
  class space    used 4713K, capacity 4969K, committed 4992K, reserved 1048576K
Event: 29.960 GC heap after
Heap after GC invocations=13 (full 1):
 PSYoungGen      total 79360K, used 8492K [0x00000000d5580000, 0x00000000daf80000, 0x0000000100000000)
  eden space 69632K, 0% used [0x00000000d5580000,0x00000000d5580000,0x00000000d9980000)
  from space 9728K, 87% used [0x00000000da400000,0x00000000dac4b388,0x00000000dad80000)
  to   space 10752K, 0% used [0x00000000d9980000,0x00000000d9980000,0x00000000da400000)
 ParOldGen       total 35840K, used 10958K [0x0000000080000000, 0x0000000082300000, 0x00000000d5580000)
  object space 35840K, 30% used [0x0000000080000000,0x0000000080ab3840,0x0000000082300000)
 Metaspace       used 34237K, capacity 35380K, committed 35416K, reserved 1079296K
  class space    used 4713K, capacity 4969K, committed 4992K, reserved 1048576K
}
Event: 29.960 GC heap before
{Heap before GC invocations=14 (full 2):
 PSYoungGen      total 79360K, used 8492K [0x00000000d5580000, 0x00000000daf80000, 0x0000000100000000)
  eden space 69632K, 0% used [0x00000000d5580000,0x00000000d5580000,0x00000000d9980000)
  from space 9728K, 87% used [0x00000000da400000,0x00000000dac4b388,0x00000000dad80000)
  to   space 10752K, 0% used [0x00000000d9980000,0x00000000d9980000,0x00000000da400000)
 ParOldGen       total 35840K, used 10958K [0x0000000080000000, 0x0000000082300000, 0x00000000d5580000)
  object space 35840K, 30% used [0x0000000080000000,0x0000000080ab3840,0x0000000082300000)
 Metaspace       used 34237K, capacity 35380K, committed 35416K, reserved 1079296K
  class space    used 4713K, capacity 4969K, committed 4992K, reserved 1048576K
Event: 30.116 GC heap after
Heap after GC invocations=14 (full 2):
 PSYoungGen      total 79360K, used 0K [0x00000000d5580000, 0x00000000daf80000, 0x0000000100000000)
  eden space 69632K, 0% used [0x00000000d5580000,0x00000000d5580000,0x00000000d9980000)
  from space 9728K, 0% used [0x00000000da400000,0x00000000da400000,0x00000000dad80000)
  to   space 10752K, 0% used [0x00000000d9980000,0x00000000d9980000,0x00000000da400000)
 ParOldGen       total 53248K, used 14804K [0x0000000080000000, 0x0000000083400000, 0x00000000d5580000)
  object space 53248K, 27% used [0x0000000080000000,0x0000000080e75110,0x0000000083400000)
 Metaspace       used 34237K, capacity 35380K, committed 35416K, reserved 1079296K
  class space    used 4713K, capacity 4969K, committed 4992K, reserved 1048576K
}
Event: 39.167 GC heap before
{Heap before GC invocations=15 (full 2):
 PSYoungGen      total 79360K, used 69632K [0x00000000d5580000, 0x00000000daf80000, 0x0000000100000000)
  eden space 69632K, 100% used [0x00000000d5580000,0x00000000d9980000,0x00000000d9980000)
  from space 9728K, 0% used [0x00000000da400000,0x00000000da400000,0x00000000dad80000)
  to   space 10752K, 0% used [0x00000000d9980000,0x00000000d9980000,0x00000000da400000)
 ParOldGen       total 53248K, used 14804K [0x0000000080000000, 0x0000000083400000, 0x00000000d5580000)
  object space 53248K, 27% used [0x0000000080000000,0x0000000080e75110,0x0000000083400000)
 Metaspace       used 36394K, capacity 37824K, committed 38104K, reserved 1081344K
  class space    used 4996K, capacity 5293K, committed 5376K, reserved 1048576K
Event: 39.184 GC heap after
Heap after GC invocations=15 (full 2):
 PSYoungGen      total 80384K, used 5727K [0x00000000d5580000, 0x00000000dbc80000, 0x0000000100000000)
  eden space 69632K, 0% used [0x00000000d5580000,0x00000000d5580000,0x00000000d9980000)
  from space 10752K, 53% used [0x00000000d9980000,0x00000000d9f17f88,0x00000000da400000)
  to   space 10240K, 0% used [0x00000000db280000,0x00000000db280000,0x00000000dbc80000)
 ParOldGen       total 53248K, used 14812K [0x0000000080000000, 0x0000000083400000, 0x00000000d5580000)
  object space 53248K, 27% used [0x0000000080000000,0x0000000080e77110,0x0000000083400000)
 Metaspace       used 36394K, capacity 37824K, committed 38104K, reserved 1081344K
  class space    used 4996K, capacity 5293K, committed 5376K, reserved 1048576K
}

