# JRE version: OpenJDK Runtime Environment (8.0_242-b01) (build 1.8.0_242-release-1644-b01)
# Java VM: OpenJDK 64-Bit Server VM (25.242-b01 mixed mode windows-amd64 compressed oops)
Heap:
 PSYoungGen      total 386048K, used 56727K [0x00000000d5580000, 0x00000000ef980000, 0x0000000100000000)
  eden space 342016K, 14% used [0x00000000d5580000,0x00000000d869a7a8,0x00000000ea380000)
  from space 44032K, 14% used [0x00000000ea380000,0x00000000ea9cb4a8,0x00000000ece80000)
  to   space 42496K, 0% used [0x00000000ed000000,0x00000000ed000000,0x00000000ef980000)
 ParOldGen       total 181760K, used 128418K [0x0000000080000000, 0x000000008b180000, 0x00000000d5580000)
  object space 181760K, 70% used [0x0000000080000000,0x0000000087d68808,0x000000008b180000)
 Metaspace       used 109672K, capacity 115104K, committed 116300K, reserved 1150976K
  class space    used 14202K, capacity 15239K, committed 15476K, reserved 1048576K
GC Heap History (10 events):
Event: 2649.556 GC heap before
{Heap before GC invocations=56 (full 5):
 PSYoungGen      total 384512K, used 365138K [0x00000000d5580000, 0x00000000ef980000, 0x0000000100000000)
  eden space 342016K, 100% used [0x00000000d5580000,0x00000000ea380000,0x00000000ea380000)
  from space 42496K, 54% used [0x00000000ed000000,0x00000000ee6948c0,0x00000000ef980000)
  to   space 44032K, 0% used [0x00000000ea380000,0x00000000ea380000,0x00000000ece80000)
 ParOldGen       total 181760K, used 107972K [0x0000000080000000, 0x000000008b180000, 0x00000000d5580000)
  object space 181760K, 59% used [0x0000000080000000,0x0000000086971290,0x000000008b180000)
 Metaspace       used 103767K, capacity 108982K, committed 110540K, reserved 1144832K
  class space    used 13491K, capacity 14459K, committed 14836K, reserved 1048576K
Event: 2649.932 GC heap after
Heap after GC invocations=56 (full 5):
 PSYoungGen      total 386048K, used 27327K [0x00000000d5580000, 0x00000000ef980000, 0x0000000100000000)
  eden space 342016K, 0% used [0x00000000d5580000,0x00000000d5580000,0x00000000ea380000)
  from space 44032K, 62% used [0x00000000ea380000,0x00000000ebe2fe68,0x00000000ece80000)
  to   space 42496K, 0% used [0x00000000ed000000,0x00000000ed000000,0x00000000ef980000)
 ParOldGen       total 181760K, used 107980K [0x0000000080000000, 0x000000008b180000, 0x00000000d5580000)
  object space 181760K, 59% used [0x0000000080000000,0x0000000086973290,0x000000008b180000)
 Metaspace       used 103767K, capacity 108982K, committed 110540K, reserved 1144832K
  class space    used 13491K, capacity 14459K, committed 14836K, reserved 1048576K
}
Event: 2653.963 GC heap before
{Heap before GC invocations=57 (full 5):
 PSYoungGen      total 386048K, used 369343K [0x00000000d5580000, 0x00000000ef980000, 0x0000000100000000)
  eden space 342016K, 100% used [0x00000000d5580000,0x00000000ea380000,0x00000000ea380000)
  from space 44032K, 62% used [0x00000000ea380000,0x00000000ebe2fe68,0x00000000ece80000)
  to   space 42496K, 0% used [0x00000000ed000000,0x00000000ed000000,0x00000000ef980000)
 ParOldGen       total 181760K, used 107980K [0x0000000080000000, 0x000000008b180000, 0x00000000d5580000)
  object space 181760K, 59% used [0x0000000080000000,0x0000000086973290,0x000000008b180000)
 Metaspace       used 103770K, capacity 108982K, committed 110540K, reserved 1144832K
  class space    used 13491K, capacity 14459K, committed 14836K, reserved 1048576K
Event: 2654.882 GC heap after
Heap after GC invocations=57 (full 5):
 PSYoungGen      total 384512K, used 16238K [0x00000000d5580000, 0x00000000ef980000, 0x0000000100000000)
  eden space 342016K, 0% used [0x00000000d5580000,0x00000000d5580000,0x00000000ea380000)
  from space 42496K, 38% used [0x00000000ed000000,0x00000000edfdba00,0x00000000ef980000)
  to   space 44032K, 0% used [0x00000000ea380000,0x00000000ea380000,0x00000000ece80000)
 ParOldGen       total 181760K, used 110858K [0x0000000080000000, 0x000000008b180000, 0x00000000d5580000)
  object space 181760K, 60% used [0x0000000080000000,0x0000000086c42a28,0x000000008b180000)
 Metaspace       used 103770K, capacity 108982K, committed 110540K, reserved 1144832K
  class space    used 13491K, capacity 14459K, committed 14836K, reserved 1048576K
}
Event: 2659.964 GC heap before
{Heap before GC invocations=58 (full 5):
 PSYoungGen      total 384512K, used 358254K [0x00000000d5580000, 0x00000000ef980000, 0x0000000100000000)
  eden space 342016K, 100% used [0x00000000d5580000,0x00000000ea380000,0x00000000ea380000)
  from space 42496K, 38% used [0x00000000ed000000,0x00000000edfdba00,0x00000000ef980000)
  to   space 44032K, 0% used [0x00000000ea380000,0x00000000ea380000,0x00000000ece80000)
 ParOldGen       total 181760K, used 110858K [0x0000000080000000, 0x000000008b180000, 0x00000000d5580000)
  object space 181760K, 60% used [0x0000000080000000,0x0000000086c42a28,0x000000008b180000)
 Metaspace       used 103780K, capacity 108982K, committed 110540K, reserved 1144832K
  class space    used 13491K, capacity 14459K, committed 14836K, reserved 1048576K
Event: 2660.055 GC heap after
Heap after GC invocations=58 (full 5):
 PSYoungGen      total 386048K, used 16450K [0x00000000d5580000, 0x00000000ef980000, 0x0000000100000000)
  eden space 342016K, 0% used [0x00000000d5580000,0x00000000d5580000,0x00000000ea380000)
  from space 44032K, 37% used [0x00000000ea380000,0x00000000eb390878,0x00000000ece80000)
  to   space 42496K, 0% used [0x00000000ed000000,0x00000000ed000000,0x00000000ef980000)
 ParOldGen       total 181760K, used 111198K [0x0000000080000000, 0x000000008b180000, 0x00000000d5580000)
  object space 181760K, 61% used [0x0000000080000000,0x0000000086c97a58,0x000000008b180000)
 Metaspace       used 103780K, capacity 108982K, committed 110540K, reserved 1144832K
  class space    used 13491K, capacity 14459K, committed 14836K, reserved 1048576K
}
Event: 2684.369 GC heap before
{Heap before GC invocations=59 (full 5):
 PSYoungGen      total 386048K, used 358466K [0x00000000d5580000, 0x00000000ef980000, 0x0000000100000000)
  eden space 342016K, 100% used [0x00000000d5580000,0x00000000ea380000,0x00000000ea380000)
  from space 44032K, 37% used [0x00000000ea380000,0x00000000eb390878,0x00000000ece80000)
  to   space 42496K, 0% used [0x00000000ed000000,0x00000000ed000000,0x00000000ef980000)
 ParOldGen       total 181760K, used 111198K [0x0000000080000000, 0x000000008b180000, 0x00000000d5580000)
  object space 181760K, 61% used [0x0000000080000000,0x0000000086c97a58,0x000000008b180000)
 Metaspace       used 104462K, capacity 109774K, committed 111052K, reserved 1144832K
  class space    used 13558K, capacity 14551K, committed 14836K, reserved 1048576K
Event: 2685.184 GC heap after
Heap after GC invocations=59 (full 5):
 PSYoungGen      total 384512K, used 42467K [0x00000000d5580000, 0x00000000ef980000, 0x0000000100000000)
  eden space 342016K, 0% used [0x00000000d5580000,0x00000000d5580000,0x00000000ea380000)
  from space 42496K, 99% used [0x00000000ed000000,0x00000000ef978c88,0x00000000ef980000)
  to   space 44032K, 0% used [0x00000000ea380000,0x00000000ea380000,0x00000000ece80000)
 ParOldGen       total 181760K, used 122385K [0x0000000080000000, 0x000000008b180000, 0x00000000d5580000)
  object space 181760K, 67% used [0x0000000080000000,0x00000000877844e0,0x000000008b180000)
 Metaspace       used 104462K, capacity 109774K, committed 111052K, reserved 1144832K
  class space    used 13558K, capacity 14551K, committed 14836K, reserved 1048576K
}
Event: 3031.182 GC heap before
{Heap before GC invocations=60 (full 5):
 PSYoungGen      total 384512K, used 384483K [0x00000000d5580000, 0x00000000ef980000, 0x0000000100000000)
  eden space 342016K, 100% used [0x00000000d5580000,0x00000000ea380000,0x00000000ea380000)
  from space 42496K, 99% used [0x00000000ed000000,0x00000000ef978c88,0x00000000ef980000)
  to   space 44032K, 0% used [0x00000000ea380000,0x00000000ea380000,0x00000000ece80000)
 ParOldGen       total 181760K, used 122385K [0x0000000080000000, 0x000000008b180000, 0x00000000d5580000)
  object space 181760K, 67% used [0x0000000080000000,0x00000000877844e0,0x000000008b180000)
 Metaspace       used 109584K, capacity 115062K, committed 116300K, reserved 1150976K
  class space    used 14197K, capacity 15232K, committed 15476K, reserved 1048576K
Event: 3031.926 GC heap after
Heap after GC invocations=60 (full 5):
 PSYoungGen      total 386048K, used 6445K [0x00000000d5580000, 0x00000000ef980000, 0x0000000100000000)
  eden space 342016K, 0% used [0x00000000d5580000,0x00000000d5580000,0x00000000ea380000)
  from space 44032K, 14% used [0x00000000ea380000,0x00000000ea9cb4a8,0x00000000ece80000)
  to   space 42496K, 0% used [0x00000000ed000000,0x00000000ed000000,0x00000000ef980000)
 ParOldGen       total 181760K, used 128418K [0x0000000080000000, 0x000000008b180000, 0x00000000d5580000)
  object space 181760K, 70% used [0x0000000080000000,0x0000000087d68808,0x000000008b180000)
 Metaspace       used 109584K, capacity 115062K, committed 116300K, reserved 1150976K
  class space    used 14197K, capacity 15232K, committed 15476K, reserved 1048576K
}

